-------------------------------------------------------------------------------
Test set: AosomST.TestAll
-------------------------------------------------------------------------------
Tests run: 1, Failures: 1, Errors: 0, Skipped: 0, Time elapsed: 44.866 s <<< FAILURE! - in AosomST.TestAll
testCALoginPayPal(AosomST.SmokeTest)  Time elapsed: 44.866 s  <<< FAILURE!
java.lang.AssertionError: --User is not logged in, please check it again!
	at AosomST.SmokeTest.testCALoginPayPal(SmokeTest.java:159)

