-------------------------------------------------------------------------------
Test set: AosomST.SmokeTest
-------------------------------------------------------------------------------
Tests run: 1, Failures: 1, Errors: 0, Skipped: 0, Time elapsed: 0.067 s <<< FAILURE! - in AosomST.SmokeTest
warning(junit.framework.TestSuite$1)  Time elapsed: 0.008 s  <<< FAILURE!
junit.framework.AssertionFailedError: No tests found in AosomST.SmokeTest
	at junit.framework.TestSuite$1.runTest(TestSuite.java:97)

