-------------------------------------------------------------------------------
Test set: AosomST.SmokeTest
-------------------------------------------------------------------------------
Tests run: 1, Failures: 1, Errors: 0, Skipped: 0, Time elapsed: 36.41 s <<< FAILURE! - in AosomST.SmokeTest
testCALoginPayPal(AosomST.SmokeTest)  Time elapsed: 36.311 s  <<< FAILURE!
java.lang.AssertionError: --User is not logged in, please check it again!
	at AosomST.SmokeTest.testCALoginPayPal(SmokeTest.java:159)

