-------------------------------------------------------------------------------
Test set: AosomST.SmokeTest
-------------------------------------------------------------------------------
Tests run: 1, Failures: 1, Errors: 0, Skipped: 0, Time elapsed: 63.501 s <<< FAILURE! - in AosomST.SmokeTest
testCALoginPayPal(AosomST.SmokeTest)  Time elapsed: 63.501 s  <<< FAILURE!
java.lang.AssertionError: ----User shenzhe1642_cn@163.com login failed!
	at AosomST.SmokeTest.testCALoginPayPal(SmokeTest.java:152)

