<?xml version="1.0" encoding="UTF-8"?>
<testsuite xmlns:xsi="http://www.w3.org/2001/XMLSchema-instance" xsi:noNamespaceSchemaLocation="https://maven.apache.org/surefire/maven-surefire-plugin/xsd/surefire-test-report.xsd" name="AosomST.MobileSmokeTest" time="2.081" tests="2" errors="2" skipped="0" failures="0">
  <properties>
[...]
</properties>
  <testcase name="test" classname="AosomST.MobileSmokeTest" time="1.895">
    <error type="java.lang.NullPointerException">java.lang.NullPointerException
	at AosomST.MobileSmokeTest.setUp(MobileSmokeTest.java:49)
</error>
    <system-out><![CDATA[org.openqa.selenium.WebDriverException: Connection refused: connect
Build info: version: '3.7.0', revision: '2321c73', time: '2017-11-02T22:22:35.584Z'
System info: host: 'DESKTOP-0U9PQM9', ip: '10.3.2.119', os.name: 'Windows 10', os.arch: 'amd64', os.version: '10.0', java.version: '1.8.0_162'
Driver info: driver.version: AppiumDriver
]]></system-out>
  </testcase>
  <testcase name="test" classname="AosomST.MobileSmokeTest" time="1.896">
    <error type="java.lang.NullPointerException">java.lang.NullPointerException
	at AosomST.MobileSmokeTest.tearDown(MobileSmokeTest.java:60)
</error>
  </testcase>
</testsuite>